<?xml version="1.0" encoding="UTF-8"?>
<testsuite xmlns:xsi="http://www.w3.org/2001/XMLSchema-instance" xsi:noNamespaceSchemaLocation="https://maven.apache.org/surefire/maven-surefire-plugin/xsd/surefire-test-report-3.0.xsd" version="3.0" name="Verify Xealei Individuals &gt; Edit Individual Page" time="533.188" tests="10" errors="0" skipped="0" failures="0">
  <properties>
[...]
</properties>
  <testcase name="Comprehensive Login Page UI Testing" classname="Verify Xealei Login Page" time="16.762">
    <system-out><![CDATA[Running in UI mode.
Password is hide
Password is visible
]]></system-out>
    <system-err><![CDATA[SLF4J: Failed to load class "org.slf4j.impl.StaticLoggerBinder".
SLF4J: Defaulting to no-operation (NOP) logger implementation
SLF4J: See http://www.slf4j.org/codes.html#StaticLoggerBinder for further details.
Jan 30, 2024 5:06:09 PM org.openqa.selenium.devtools.CdpVersionFinder findNearestMatch
WARNING: Unable to find CDP implementation matching 120
Jan 30, 2024 5:06:09 PM org.openqa.selenium.chromium.ChromiumDriver lambda$new$5
WARNING: Unable to find version of CDP to use for 120.0.6099.225. You may need to include a dependency on a specific version of the CDP using something similar to `org.seleniumhq.selenium:selenium-devtools-v86:4.11.0` where the version ("v86") matches the version of the chromium-based browser you're using and the version number of the artifact is the same as Selenium's.
]]></system-err>
  </testcase>
  <testcase name="To verify the error validation messages in Login page" classname="Verify Xealei Login Page" time="13.87">
    <system-out><![CDATA[Running in UI mode.
]]></system-out>
    <system-err><![CDATA[Jan 30, 2024 5:06:21 PM org.openqa.selenium.devtools.CdpVersionFinder findNearestMatch
WARNING: Unable to find CDP implementation matching 120
Jan 30, 2024 5:06:21 PM org.openqa.selenium.chromium.ChromiumDriver lambda$new$5
WARNING: Unable to find version of CDP to use for 120.0.6099.225. You may need to include a dependency on a specific version of the CDP using something similar to `org.seleniumhq.selenium:selenium-devtools-v86:4.11.0` where the version ("v86") matches the version of the chromium-based browser you're using and the version number of the artifact is the same as Selenium's.
]]></system-err>
  </testcase>
  <testcase name="To verify Xealei Login page by click the ENTER key with valid credentials" classname="Verify Xealei Login Page" time="12.251">
    <system-out><![CDATA[Running in UI mode.
exp Text :Home
Actual Text :Home
]]></system-out>
    <system-err><![CDATA[Jan 30, 2024 5:06:35 PM org.openqa.selenium.devtools.CdpVersionFinder findNearestMatch
WARNING: Unable to find CDP implementation matching 120
Jan 30, 2024 5:06:35 PM org.openqa.selenium.chromium.ChromiumDriver lambda$new$5
WARNING: Unable to find version of CDP to use for 120.0.6099.225. You may need to include a dependency on a specific version of the CDP using something similar to `org.seleniumhq.selenium:selenium-devtools-v86:4.11.0` where the version ("v86") matches the version of the chromium-based browser you're using and the version number of the artifact is the same as Selenium's.
]]></system-err>
  </testcase>
  <testcase name="To verify Xealei Login page with valid credentials" classname="Verify Xealei Login Page" time="17.835">
    <system-out><![CDATA[Running in UI mode.
exp Text :Home
Actual Text :Home
]]></system-out>
    <system-err><![CDATA[Jan 30, 2024 5:06:47 PM org.openqa.selenium.devtools.CdpVersionFinder findNearestMatch
WARNING: Unable to find CDP implementation matching 120
Jan 30, 2024 5:06:47 PM org.openqa.selenium.chromium.ChromiumDriver lambda$new$5
WARNING: Unable to find version of CDP to use for 120.0.6099.225. You may need to include a dependency on a specific version of the CDP using something similar to `org.seleniumhq.selenium:selenium-devtools-v86:4.11.0` where the version ("v86") matches the version of the chromium-based browser you're using and the version number of the artifact is the same as Selenium's.
]]></system-err>
  </testcase>
  <testcase name="To verify the buttons functionality and error validation and info messages in Add Suite Page" classname="Verify Xealei Suites &gt; Add Suites Page" time="51.263">
    <system-out><![CDATA[Running in UI mode.
exp Text :Home
Actual Text :Home
]]></system-out>
    <system-err><![CDATA[┌──────────────────────────────────────────────────────────────────────────┐
│ View your Cucumber Report at:                                            │
│ https://reports.cucumber.io/reports/7c08cd73-8cff-4bf0-bef5-02e130bd7e16 │
│                                                                          │
│ This report will self-destruct in 24h.                                   │
│ Keep reports forever: https://reports.cucumber.io/profile                │
└──────────────────────────────────────────────────────────────────────────┘Jan 30, 2024 5:07:08 PM org.openqa.selenium.devtools.CdpVersionFinder findNearestMatch
WARNING: Unable to find CDP implementation matching 120
Jan 30, 2024 5:07:08 PM org.openqa.selenium.chromium.ChromiumDriver lambda$new$5
WARNING: Unable to find version of CDP to use for 120.0.6099.225. You may need to include a dependency on a specific version of the CDP using something similar to `org.seleniumhq.selenium:selenium-devtools-v86:4.11.0` where the version ("v86") matches the version of the chromium-based browser you're using and the version number of the artifact is the same as Selenium's.
]]></system-err>
  </testcase>
  <testcase name="To verify user able to Add/Create Suites by entering all fields also verify the &apos;Bread Crums&apos; link" classname="Verify Xealei Suites &gt; Add Suites Page" time="43.823">
    <system-out><![CDATA[Running in UI mode.
exp Text :Home
Actual Text :Home
Breadcrums Suite text - Suites
Suite-17:08:17
Breadcrums Suite>createdSN text - Suites
Suite-17:08:17
Breadcrums link is displayed with selected suiteName
Breadcrums link is successfully returned to suite searched page
]]></system-out>
    <system-err><![CDATA[Jan 30, 2024 5:08:00 PM org.openqa.selenium.devtools.CdpVersionFinder findNearestMatch
WARNING: Unable to find CDP implementation matching 120
Jan 30, 2024 5:08:00 PM org.openqa.selenium.chromium.ChromiumDriver lambda$new$5
WARNING: Unable to find version of CDP to use for 120.0.6099.225. You may need to include a dependency on a specific version of the CDP using something similar to `org.seleniumhq.selenium:selenium-devtools-v86:4.11.0` where the version ("v86") matches the version of the chromium-based browser you're using and the version number of the artifact is the same as Selenium's.
]]></system-err>
  </testcase>
  <testcase name="To verify the buttons functionality and error validation and info messages in Edit Suite Page" classname="Verify Xealei Suites &gt; Edit Suites Page" time="58.976">
    <system-out><![CDATA[Running in UI mode.
exp Text :Home
Actual Text :Home
]]></system-out>
    <system-err><![CDATA[Jan 30, 2024 5:08:43 PM org.openqa.selenium.devtools.CdpVersionFinder findNearestMatch
WARNING: Unable to find CDP implementation matching 120
Jan 30, 2024 5:08:43 PM org.openqa.selenium.chromium.ChromiumDriver lambda$new$5
WARNING: Unable to find version of CDP to use for 120.0.6099.225. You may need to include a dependency on a specific version of the CDP using something similar to `org.seleniumhq.selenium:selenium-devtools-v86:4.11.0` where the version ("v86") matches the version of the chromium-based browser you're using and the version number of the artifact is the same as Selenium's.
]]></system-err>
  </testcase>
  <testcase name="To verify user able to Edit/Update Suites by entering all fields also verify the &apos;Bread Crums&apos; link in Edit Suite Page" classname="Verify Xealei Suites &gt; Edit Suites Page" time="71.828">
    <system-out><![CDATA[Running in UI mode.
exp Text :Home
Actual Text :Home
Breadcrums Suite text - Suites
Royal-17:10:20
Breadcrums Suite> createdSN text - Suites
Royal-17:10:20
Breadcrums link is displayed with selected suiteName
Breadcrums link is successfully returned to suite searched page
]]></system-out>
    <system-err><![CDATA[Jan 30, 2024 5:09:42 PM org.openqa.selenium.devtools.CdpVersionFinder findNearestMatch
WARNING: Unable to find CDP implementation matching 120
Jan 30, 2024 5:09:42 PM org.openqa.selenium.chromium.ChromiumDriver lambda$new$5
WARNING: Unable to find version of CDP to use for 120.0.6099.225. You may need to include a dependency on a specific version of the CDP using something similar to `org.seleniumhq.selenium:selenium-devtools-v86:4.11.0` where the version ("v86") matches the version of the chromium-based browser you're using and the version number of the artifact is the same as Selenium's.
]]></system-err>
  </testcase>
  <testcase name="To verify the user able to Add/Create Individual by entering all fields" classname="Verify Xealei Individuals &gt; Add Individual Page" time="143.377">
    <system-out><![CDATA[Running in UI mode.
exp Text :Home
Actual Text :Home
14)
CREATED IND ID - 14
NEW IND ID- New Individual (ID 14)
NEW INDIVIDUAL: Created Successfully
IND FULL NAME -Johnson S David-11:21
IND DOB -06/27/1980
IND FN NAME -Johnson
IND MN NAME -S
IND LN NAME -David-11:21
IND ResiAddress -424 Findley Avenue
IND MailingAddress -430 Columbia Road
IND GENDER -Male
IND TITLE -Mrs
IND SUFFIX -SDE
IND RACE -Asian
IND MARITAL ST -Single
IND Slected SUITE -Royal-17:10:20
IND NICKNAME -Hermoso
IND PRONOUN -He/Him/His
IND Ethnic Affil.. -Cuban
IND PREF.Lang -English
IND RELIGION -AME
IND EC1NAME -Andrew Cuomo
IND EC1RELATIONSHIP -Guardian
IND EC1 PhNo -(984) 384-4755
IND EC2NAME -Andrew Cuomo
IND EC2RELATIONSHIP -Guardian
IND EC2 PhNo -(984) 384-4755
Created FrstName & LastName -Johnson David-11:21
Created Ind & Selected Suite -Johnson S David-11:21(Royal-17:10:20)
]]></system-out>
    <system-err><![CDATA[Jan 30, 2024 5:10:55 PM org.openqa.selenium.devtools.CdpVersionFinder findNearestMatch
WARNING: Unable to find CDP implementation matching 120
Jan 30, 2024 5:10:55 PM org.openqa.selenium.chromium.ChromiumDriver lambda$new$5
WARNING: Unable to find version of CDP to use for 120.0.6099.225. You may need to include a dependency on a specific version of the CDP using something similar to `org.seleniumhq.selenium:selenium-devtools-v86:4.11.0` where the version ("v86") matches the version of the chromium-based browser you're using and the version number of the artifact is the same as Selenium's.
]]></system-err>
  </testcase>
  <testcase name="To verify the validation messages for limit and mandatory fields in Edit Individuals page" classname="Verify Xealei Individuals &gt; Edit Individual Page" time="99.462">
    <system-out><![CDATA[Running in UI mode.
exp Text :Home
Actual Text :Home
Actual Searched Ind Name - Johnson S David-11:21
Expected Searched Ind Name - Johnson S David-11:21
CURRENT DATE IS :30
Current Date : 30
Current Date + 1 - 31
Selected Date is - 12/22/1985
]]></system-out>
    <system-err><![CDATA[Jan 30, 2024 5:13:18 PM org.openqa.selenium.devtools.CdpVersionFinder findNearestMatch
WARNING: Unable to find CDP implementation matching 120
Jan 30, 2024 5:13:18 PM org.openqa.selenium.chromium.ChromiumDriver lambda$new$5
WARNING: Unable to find version of CDP to use for 120.0.6099.225. You may need to include a dependency on a specific version of the CDP using something similar to `org.seleniumhq.selenium:selenium-devtools-v86:4.11.0` where the version ("v86") matches the version of the chromium-based browser you're using and the version number of the artifact is the same as Selenium's.
org.junit.ComparisonFailure: Created Ind ID Mismatched expected:<IIN00[]14> but was:<IIN00[0]14>
	at org.junit.Assert.assertEquals(Assert.java:117)
	at org.alphind.xealei.stepdefinition.EditIndividualsStep.user_should_verify_the_name_dob_id_guardian_contact_details_is_displayed(EditIndividualsStep.java:66)
	at java.base/jdk.internal.reflect.NativeMethodAccessorImpl.invoke0(Native Method)
	at java.base/jdk.internal.reflect.NativeMethodAccessorImpl.invoke(NativeMethodAccessorImpl.java:77)
	at java.base/jdk.internal.reflect.DelegatingMethodAccessorImpl.invoke(DelegatingMethodAccessorImpl.java:43)
	at java.base/java.lang.reflect.Method.invoke(Method.java:568)
	at io.cucumber.java.Invoker.doInvoke(Invoker.java:66)
	at io.cucumber.java.Invoker.invoke(Invoker.java:24)
	at io.cucumber.java.AbstractGlueDefinition.invokeMethod(AbstractGlueDefinition.java:47)
	at io.cucumber.java.JavaStepDefinition.execute(JavaStepDefinition.java:29)
	at io.cucumber.core.runner.CoreStepDefinition.execute(CoreStepDefinition.java:66)
	at io.cucumber.core.runner.PickleStepDefinitionMatch.runStep(PickleStepDefinitionMatch.java:63)
	at io.cucumber.core.runner.ExecutionMode$1.execute(ExecutionMode.java:10)
	at io.cucumber.core.runner.TestStep.executeStep(TestStep.java:92)
	at io.cucumber.core.runner.TestStep.run(TestStep.java:64)
	at io.cucumber.core.runner.PickleStepTestStep.run(PickleStepTestStep.java:51)
	at io.cucumber.core.runner.TestCase.run(TestCase.java:104)
	at io.cucumber.core.runner.Runner.runPickle(Runner.java:71)
	at io.cucumber.junit.PickleRunners$NoStepDescriptions.run(PickleRunners.java:151)
	at io.cucumber.junit.FeatureRunner.runChild(FeatureRunner.java:135)
	at io.cucumber.junit.FeatureRunner.runChild(FeatureRunner.java:27)
	at org.junit.runners.ParentRunner$4.run(ParentRunner.java:331)
	at org.junit.runners.ParentRunner$1.schedule(ParentRunner.java:79)
	at org.junit.runners.ParentRunner.runChildren(ParentRunner.java:329)
	at org.junit.runners.ParentRunner.access$100(ParentRunner.java:66)
	at org.junit.runners.ParentRunner$2.evaluate(ParentRunner.java:293)
	at org.junit.runners.ParentRunner$3.evaluate(ParentRunner.java:306)
	at org.junit.runners.ParentRunner.run(ParentRunner.java:413)
	at io.cucumber.junit.Cucumber.runChild(Cucumber.java:199)
	at io.cucumber.junit.Cucumber.runChild(Cucumber.java:90)
	at org.junit.runners.ParentRunner$4.run(ParentRunner.java:331)
	at org.junit.runners.ParentRunner$1.schedule(ParentRunner.java:79)
	at org.junit.runners.ParentRunner.runChildren(ParentRunner.java:329)
	at org.junit.runners.ParentRunner.access$100(ParentRunner.java:66)
	at org.junit.runners.ParentRunner$2.evaluate(ParentRunner.java:293)
	at io.cucumber.junit.Cucumber$RunCucumber.evaluate(Cucumber.java:234)
	at org.junit.runners.ParentRunner$3.evaluate(ParentRunner.java:306)
	at org.junit.runners.ParentRunner.run(ParentRunner.java:413)
	at org.junit.runners.Suite.runChild(Suite.java:128)
	at org.junit.runners.Suite.runChild(Suite.java:27)
	at org.junit.runners.ParentRunner$4.run(ParentRunner.java:331)
	at org.junit.runners.ParentRunner$1.schedule(ParentRunner.java:79)
	at org.junit.runners.ParentRunner.runChildren(ParentRunner.java:329)
	at org.junit.runners.ParentRunner.access$100(ParentRunner.java:66)
	at org.junit.runners.ParentRunner$2.evaluate(ParentRunner.java:293)
	at org.junit.runners.ParentRunner$3.evaluate(ParentRunner.java:306)
	at org.junit.runners.ParentRunner.run(ParentRunner.java:413)
	at org.apache.maven.surefire.junitcore.JUnitCore.run(JUnitCore.java:49)
	at org.apache.maven.surefire.junitcore.JUnitCoreWrapper.createRequestAndRun(JUnitCoreWrapper.java:120)
	at org.apache.maven.surefire.junitcore.JUnitCoreWrapper.executeEager(JUnitCoreWrapper.java:95)
	at org.apache.maven.surefire.junitcore.JUnitCoreWrapper.execute(JUnitCoreWrapper.java:75)
	at org.apache.maven.surefire.junitcore.JUnitCoreWrapper.execute(JUnitCoreWrapper.java:69)
	at org.apache.maven.surefire.junitcore.JUnitCoreProvider.invoke(JUnitCoreProvider.java:146)
	at org.apache.maven.surefire.booter.ForkedBooter.runSuitesInProcess(ForkedBooter.java:385)
	at org.apache.maven.surefire.booter.ForkedBooter.execute(ForkedBooter.java:162)
	at org.apache.maven.surefire.booter.ForkedBooter.run(ForkedBooter.java:507)
	at org.apache.maven.surefire.booter.ForkedBooter.main(ForkedBooter.java:495)
]]></system-err>
  </testcase>
</testsuite>