<?xml version="1.0" encoding="UTF-8"?>
<testsuite xmlns:xsi="http://www.w3.org/2001/XMLSchema-instance" xsi:noNamespaceSchemaLocation="https://maven.apache.org/surefire/maven-surefire-plugin/xsd/surefire-test-report-3.0.xsd" version="3.0" name="Verify Xealei Individuals &gt; Edit Individual Page" time="667.088" tests="13" errors="0" skipped="0" failures="0">
  <properties>
[...]
</properties>
  <testcase name="Comprehensive Login Page UI Testing" classname="Verify Xealei L Page" time="21.907">
    <system-out><![CDATA[verify_the_login_text_is_displayed - LOGIN
Email *
Password *
UN and Password fields name contains * symbol
verify_the_email_textbox_contains_text - Email
verify_the_password_textbox_contains_text - Password
Password is hide
Password is visible
Exp PP Text - PRIVACY POLICY
Act PP Text - PRIVACY POLICY
]]></system-out>
    <system-err><![CDATA[SLF4J: No SLF4J providers were found.
SLF4J: Defaulting to no-operation (NOP) logger implementation
SLF4J: See https://www.slf4j.org/codes.html#noProviders for further details.
Starting ChromeDriver 120.0.6099.71 (9729082fe6174c0a371fc66501f5efc5d69d3d2b-refs/branch-heads/6099_56@{#13}) on port 47944
Only local connections are allowed.
Please see https://chromedriver.chromium.org/security-considerations for suggestions on keeping ChromeDriver safe.
ChromeDriver was started successfully.
Dec 15, 2023 1:13:25 PM org.openqa.selenium.devtools.CdpVersionFinder findNearestMatch
WARNING: Unable to find CDP implementation matching 120
Dec 15, 2023 1:13:25 PM org.openqa.selenium.chromium.ChromiumDriver lambda$new$3
WARNING: Unable to find version of CDP to use for . You may need to include a dependency on a specific version of the CDP using something similar to `org.seleniumhq.selenium:selenium-devtools-v86:4.8.3` where the version ("v86") matches the version of the chromium-based browser you're using and the version number of the artifact is the same as Selenium's.
Dec 15, 2023 1:13:39 PM org.openqa.selenium.remote.http.WebSocket$Listener onError
WARNING: Connection reset
java.net.SocketException: Connection reset
	at java.base/sun.nio.ch.SocketChannelImpl.throwConnectionReset(SocketChannelImpl.java:394)
	at java.base/sun.nio.ch.SocketChannelImpl.read(SocketChannelImpl.java:426)
	at io.netty.buffer.PooledByteBuf.setBytes(PooledByteBuf.java:256)
	at io.netty.buffer.AbstractByteBuf.writeBytes(AbstractByteBuf.java:1132)
	at io.netty.channel.socket.nio.NioSocketChannel.doReadBytes(NioSocketChannel.java:357)
	at io.netty.channel.nio.AbstractNioByteChannel$NioByteUnsafe.read(AbstractNioByteChannel.java:151)
	at io.netty.channel.nio.NioEventLoop.processSelectedKey(NioEventLoop.java:788)
	at io.netty.channel.nio.NioEventLoop.processSelectedKeysOptimized(NioEventLoop.java:724)
	at io.netty.channel.nio.NioEventLoop.processSelectedKeys(NioEventLoop.java:650)
	at io.netty.channel.nio.NioEventLoop.run(NioEventLoop.java:562)
	at io.netty.util.concurrent.SingleThreadEventExecutor$4.run(SingleThreadEventExecutor.java:997)
	at io.netty.util.internal.ThreadExecutorMap$2.run(ThreadExecutorMap.java:74)
	at io.netty.util.concurrent.FastThreadLocalRunnable.run(FastThreadLocalRunnable.java:30)
	at java.base/java.lang.Thread.run(Thread.java:833)

]]></system-err>
  </testcase>
  <testcase name="To verify the error validation messages in Login page" classname="Verify Xealei L Page" time="16.501">
    <system-out><![CDATA[Toastbar is closed by clicking ok button
Incorrect Password-validation Toastbar is closed by clicking ok button
]]></system-out>
    <system-err><![CDATA[Starting ChromeDriver 120.0.6099.71 (9729082fe6174c0a371fc66501f5efc5d69d3d2b-refs/branch-heads/6099_56@{#13}) on port 11911
Only local connections are allowed.
Please see https://chromedriver.chromium.org/security-considerations for suggestions on keeping ChromeDriver safe.
ChromeDriver was started successfully.
Dec 15, 2023 1:13:41 PM org.openqa.selenium.devtools.CdpVersionFinder findNearestMatch
WARNING: Unable to find CDP implementation matching 120
Dec 15, 2023 1:13:41 PM org.openqa.selenium.chromium.ChromiumDriver lambda$new$3
WARNING: Unable to find version of CDP to use for . You may need to include a dependency on a specific version of the CDP using something similar to `org.seleniumhq.selenium:selenium-devtools-v86:4.8.3` where the version ("v86") matches the version of the chromium-based browser you're using and the version number of the artifact is the same as Selenium's.
]]></system-err>
  </testcase>
  <testcase name="To verify Xealei Login page by click the ENTER key with valid credentials" classname="Verify Xealei L Page" time="23.021">
    <system-out><![CDATA[exp Text :Home
Actual Text :Home
]]></system-out>
    <system-err><![CDATA[Starting ChromeDriver 120.0.6099.71 (9729082fe6174c0a371fc66501f5efc5d69d3d2b-refs/branch-heads/6099_56@{#13}) on port 44326
Only local connections are allowed.
Please see https://chromedriver.chromium.org/security-considerations for suggestions on keeping ChromeDriver safe.
ChromeDriver was started successfully.
Dec 15, 2023 1:13:56 PM org.openqa.selenium.devtools.CdpVersionFinder findNearestMatch
WARNING: Unable to find CDP implementation matching 120
Dec 15, 2023 1:13:56 PM org.openqa.selenium.chromium.ChromiumDriver lambda$new$3
WARNING: Unable to find version of CDP to use for . You may need to include a dependency on a specific version of the CDP using something similar to `org.seleniumhq.selenium:selenium-devtools-v86:4.8.3` where the version ("v86") matches the version of the chromium-based browser you're using and the version number of the artifact is the same as Selenium's.
]]></system-err>
  </testcase>
  <testcase name="To verify Xealei Login page with valid credentials" classname="Verify Xealei L Page" time="23.179">
    <system-out><![CDATA[exp Text :Home
Actual Text :Home
]]></system-out>
    <system-err><![CDATA[Starting ChromeDriver 120.0.6099.71 (9729082fe6174c0a371fc66501f5efc5d69d3d2b-refs/branch-heads/6099_56@{#13}) on port 33967
Only local connections are allowed.
Please see https://chromedriver.chromium.org/security-considerations for suggestions on keeping ChromeDriver safe.
ChromeDriver was started successfully.
Dec 15, 2023 1:14:19 PM org.openqa.selenium.devtools.CdpVersionFinder findNearestMatch
WARNING: Unable to find CDP implementation matching 120
Dec 15, 2023 1:14:19 PM org.openqa.selenium.chromium.ChromiumDriver lambda$new$3
WARNING: Unable to find version of CDP to use for . You may need to include a dependency on a specific version of the CDP using something similar to `org.seleniumhq.selenium:selenium-devtools-v86:4.8.3` where the version ("v86") matches the version of the chromium-based browser you're using and the version number of the artifact is the same as Selenium's.
]]></system-err>
  </testcase>
  <testcase name="To verify the buttons functionality and error validation and info messages in Add Suite Page" classname="Verify Xealei Suites &gt; Add Suites Page" time="57.358">
    <system-out><![CDATA[exp Text :Home
Actual Text :Home
]]></system-out>
    <system-err><![CDATA[Starting ChromeDriver 120.0.6099.71 (9729082fe6174c0a371fc66501f5efc5d69d3d2b-refs/branch-heads/6099_56@{#13}) on port 17408
Only local connections are allowed.
Please see https://chromedriver.chromium.org/security-considerations for suggestions on keeping ChromeDriver safe.
ChromeDriver was started successfully.
Dec 15, 2023 1:14:43 PM org.openqa.selenium.devtools.CdpVersionFinder findNearestMatch
WARNING: Unable to find CDP implementation matching 120
Dec 15, 2023 1:14:43 PM org.openqa.selenium.chromium.ChromiumDriver lambda$new$3
WARNING: Unable to find version of CDP to use for . You may need to include a dependency on a specific version of the CDP using something similar to `org.seleniumhq.selenium:selenium-devtools-v86:4.8.3` where the version ("v86") matches the version of the chromium-based browser you're using and the version number of the artifact is the same as Selenium's.
]]></system-err>
  </testcase>
  <testcase name="To verify user able to Add/Create Suites by entering all fields also verify the &apos;Bread Crums&apos; link" classname="Verify Xealei Suites &gt; Add Suites Page" time="49.177">
    <system-out><![CDATA[exp Text :Home
Actual Text :Home
Breadcrums Suite text - Suites
Suite-13:16:03
Breadcrums Suite>createdSN text - Suites
Suite-13:16:03
Breadcrums link is displayed with selected suiteName
Breadcrums link is successfully returned to suite searched page
]]></system-out>
    <system-err><![CDATA[Starting ChromeDriver 120.0.6099.71 (9729082fe6174c0a371fc66501f5efc5d69d3d2b-refs/branch-heads/6099_56@{#13}) on port 35675
Only local connections are allowed.
Please see https://chromedriver.chromium.org/security-considerations for suggestions on keeping ChromeDriver safe.
ChromeDriver was started successfully.
Dec 15, 2023 1:15:40 PM org.openqa.selenium.devtools.CdpVersionFinder findNearestMatch
WARNING: Unable to find CDP implementation matching 120
Dec 15, 2023 1:15:40 PM org.openqa.selenium.chromium.ChromiumDriver lambda$new$3
WARNING: Unable to find version of CDP to use for . You may need to include a dependency on a specific version of the CDP using something similar to `org.seleniumhq.selenium:selenium-devtools-v86:4.8.3` where the version ("v86") matches the version of the chromium-based browser you're using and the version number of the artifact is the same as Selenium's.
]]></system-err>
  </testcase>
  <testcase name="To verify the buttons functionality and error validation and info messages in Edit Suite Page" classname="Verify Xealei Suites &gt; Edit Suites Page" time="59.975">
    <system-out><![CDATA[exp Text :Home
Actual Text :Home
]]></system-out>
    <system-err><![CDATA[Starting ChromeDriver 120.0.6099.71 (9729082fe6174c0a371fc66501f5efc5d69d3d2b-refs/branch-heads/6099_56@{#13}) on port 39513
Only local connections are allowed.
Please see https://chromedriver.chromium.org/security-considerations for suggestions on keeping ChromeDriver safe.
ChromeDriver was started successfully.
Dec 15, 2023 1:16:31 PM org.openqa.selenium.devtools.CdpVersionFinder findNearestMatch
WARNING: Unable to find CDP implementation matching 120
Dec 15, 2023 1:16:31 PM org.openqa.selenium.chromium.ChromiumDriver lambda$new$3
WARNING: Unable to find version of CDP to use for . You may need to include a dependency on a specific version of the CDP using something similar to `org.seleniumhq.selenium:selenium-devtools-v86:4.8.3` where the version ("v86") matches the version of the chromium-based browser you're using and the version number of the artifact is the same as Selenium's.
]]></system-err>
  </testcase>
  <testcase name="To verify user able to Edit/Update Suites by entering all fields also verify the &apos;Bread Crums&apos; link in Edit Suite Page" classname="Verify Xealei Suites &gt; Edit Suites Page" time="67.283">
    <system-out><![CDATA[exp Text :Home
Actual Text :Home
Breadcrums Suite text - Suites
Royal-13:18:04
Breadcrums Suite> createdSN text - Suites
Royal-13:18:04
Breadcrums link is displayed with selected suiteName
Breadcrums link is successfully returned to suite searched page
]]></system-out>
    <system-err><![CDATA[Starting ChromeDriver 120.0.6099.71 (9729082fe6174c0a371fc66501f5efc5d69d3d2b-refs/branch-heads/6099_56@{#13}) on port 14332
Only local connections are allowed.
Please see https://chromedriver.chromium.org/security-considerations for suggestions on keeping ChromeDriver safe.
ChromeDriver was started successfully.
Dec 15, 2023 1:17:29 PM org.openqa.selenium.devtools.CdpVersionFinder findNearestMatch
WARNING: Unable to find CDP implementation matching 120
Dec 15, 2023 1:17:29 PM org.openqa.selenium.chromium.ChromiumDriver lambda$new$3
WARNING: Unable to find version of CDP to use for . You may need to include a dependency on a specific version of the CDP using something similar to `org.seleniumhq.selenium:selenium-devtools-v86:4.8.3` where the version ("v86") matches the version of the chromium-based browser you're using and the version number of the artifact is the same as Selenium's.
]]></system-err>
  </testcase>
  <testcase name="To verify the validation messages for limit and mandatory fields in Add Individuals page" classname="Verify Xealei Individuals &gt; Add Individual Page" time="71.694">
    <system-out><![CDATA[exp Text :Home
Actual Text :Home
CURRENT DATE IS :15
Current Date : 15
Current Date + 1 - 16
Current Date : 15
Current Date + 1 - 16
]]></system-out>
    <system-err><![CDATA[Starting ChromeDriver 120.0.6099.71 (9729082fe6174c0a371fc66501f5efc5d69d3d2b-refs/branch-heads/6099_56@{#13}) on port 28109
Only local connections are allowed.
Please see https://chromedriver.chromium.org/security-considerations for suggestions on keeping ChromeDriver safe.
ChromeDriver was started successfully.
Dec 15, 2023 1:18:37 PM org.openqa.selenium.devtools.CdpVersionFinder findNearestMatch
WARNING: Unable to find CDP implementation matching 120
Dec 15, 2023 1:18:37 PM org.openqa.selenium.chromium.ChromiumDriver lambda$new$3
WARNING: Unable to find version of CDP to use for . You may need to include a dependency on a specific version of the CDP using something similar to `org.seleniumhq.selenium:selenium-devtools-v86:4.8.3` where the version ("v86") matches the version of the chromium-based browser you're using and the version number of the artifact is the same as Selenium's.
]]></system-err>
  </testcase>
  <testcase name="To verify the user able to Add/Create Individual by entering only mandatory fields" classname="Verify Xealei Individuals &gt; Add Individual Page" time="53.185">
    <system-out><![CDATA[exp Text :Home
Actual Text :Home
CREATED IND ID - 246
NEW IND ID- New Individual (ID 246)
NEW INDIVIDUAL: Created Successfully
IND FULL NAME -Johnson S David-20:06
IND DOB -06/27/1980
IND FN NAME -Johnson
IND MN NAME -S
IND LN NAME -David-20:06
IND Slected SUITE -Suite-13:15:10
IND ResiAddress -424 Findley Avenue
IND MailingAddress -424 Findley Avenue
IND GENDER -Male
IND EMNAME -Andrew Cuomo
IND RELATIONSHIP -Guardian
IND EmC PhNo -(951) 303-3744
]]></system-out>
    <system-err><![CDATA[Starting ChromeDriver 120.0.6099.71 (9729082fe6174c0a371fc66501f5efc5d69d3d2b-refs/branch-heads/6099_56@{#13}) on port 22581
Only local connections are allowed.
Please see https://chromedriver.chromium.org/security-considerations for suggestions on keeping ChromeDriver safe.
ChromeDriver was started successfully.
Dec 15, 2023 1:19:48 PM org.openqa.selenium.devtools.CdpVersionFinder findNearestMatch
WARNING: Unable to find CDP implementation matching 120
Dec 15, 2023 1:19:48 PM org.openqa.selenium.chromium.ChromiumDriver lambda$new$3
WARNING: Unable to find version of CDP to use for . You may need to include a dependency on a specific version of the CDP using something similar to `org.seleniumhq.selenium:selenium-devtools-v86:4.8.3` where the version ("v86") matches the version of the chromium-based browser you're using and the version number of the artifact is the same as Selenium's.
]]></system-err>
  </testcase>
  <testcase name="To verify the user able to Add/Create Individual by entering all fields" classname="Verify Xealei Individuals &gt; Add Individual Page" time="83.608">
    <system-out><![CDATA[exp Text :Home
Actual Text :Home
CREATED IND ID - 247
NEW IND ID- New Individual (ID 247)
NEW INDIVIDUAL: Created Successfully
IND FULL NAME -Johnson S David-21:01
IND DOB -06/27/1980
IND FN NAME -Johnson
IND MN NAME -S
IND LN NAME -David-21:01
IND ResiAddress -424 Findley Avenue
IND MailingAddress -430 Columbia Road
IND GENDER -Male
IND TITLE -Mrs
IND SUFFIX -SDE
IND RACE -Asian
IND MARITAL ST -Single
IND Slected SUITE -Royal-13:18:04
IND NICKNAME -Hermoso
IND PRONOUN -He/Him/His
IND Ethnic Affil.. -Cuban
IND PREF.Lang -English
IND RELIGION -AME
IND EC1NAME -Andrew Cuomo
IND EC1RELATIONSHIP -Guardian
IND EC1 PhNo -(960) 233-2979
IND EC2NAME -Andrew Cuomo
IND EC2RELATIONSHIP -Guardian
IND EC2 PhNo -(960) 233-2979
]]></system-out>
    <system-err><![CDATA[Starting ChromeDriver 120.0.6099.71 (9729082fe6174c0a371fc66501f5efc5d69d3d2b-refs/branch-heads/6099_56@{#13}) on port 31867
Only local connections are allowed.
Please see https://chromedriver.chromium.org/security-considerations for suggestions on keeping ChromeDriver safe.
ChromeDriver was started successfully.
Dec 15, 2023 1:20:42 PM org.openqa.selenium.devtools.CdpVersionFinder findNearestMatch
WARNING: Unable to find CDP implementation matching 120
Dec 15, 2023 1:20:42 PM org.openqa.selenium.chromium.ChromiumDriver lambda$new$3
WARNING: Unable to find version of CDP to use for . You may need to include a dependency on a specific version of the CDP using something similar to `org.seleniumhq.selenium:selenium-devtools-v86:4.8.3` where the version ("v86") matches the version of the chromium-based browser you're using and the version number of the artifact is the same as Selenium's.
]]></system-err>
  </testcase>
  <testcase name="To verify the validation messages for limit and mandatory fields in Edit Individuals page" classname="Verify Xealei Individuals &gt; Edit Individual Page" time="75.367">
    <system-out><![CDATA[exp Text :Home
Actual Text :Home
CURRENT DATE IS :15
Current Date : 15
Current Date + 1 - 16
Current Date : 15
Current Date + 1 - 16
]]></system-out>
    <system-err><![CDATA[Starting ChromeDriver 120.0.6099.71 (9729082fe6174c0a371fc66501f5efc5d69d3d2b-refs/branch-heads/6099_56@{#13}) on port 19388
Only local connections are allowed.
Please see https://chromedriver.chromium.org/security-considerations for suggestions on keeping ChromeDriver safe.
ChromeDriver was started successfully.
Dec 15, 2023 1:22:05 PM org.openqa.selenium.devtools.CdpVersionFinder findNearestMatch
WARNING: Unable to find CDP implementation matching 120
Dec 15, 2023 1:22:05 PM org.openqa.selenium.chromium.ChromiumDriver lambda$new$3
WARNING: Unable to find version of CDP to use for . You may need to include a dependency on a specific version of the CDP using something similar to `org.seleniumhq.selenium:selenium-devtools-v86:4.8.3` where the version ("v86") matches the version of the chromium-based browser you're using and the version number of the artifact is the same as Selenium's.
]]></system-err>
  </testcase>
  <testcase name="To verify user able to Edit/Update Individuals and Vitals by entering all fields" classname="Verify Xealei Individuals &gt; Edit Individual Page" time="64.465">
    <system-out><![CDATA[exp Text :Home
Actual Text :Home
Updated IND FULL NAME -
Updated IND DOB -
Updated IND FN NAME -
Updated IND MN NAME -
Updated IND LN NAME -
Updated IND ResiAddress -
Updated IND MailingAddress -
Updated IND GENDER -
Updated IND TITLE -
Updated IND SUFFIX -
Updated IND RACE -
Updated IND MARITAL ST -
Updated IND Slected SUITE --
Updated IND NICKNAME -
Updated IND PRONOUN -
Updated IND Ethnic Affil.. -
Updated IND PREF.Lang -
Updated IND RELIGION -
Updated IND EC1NAME -Ella Rodriguez
Updated IND EC1RELATIONSHIP -Others
Updated IND EC1 PhNo -(925) 947-9193
Updated IND EC2NAME -Ella Rodriguez
Updated IND EC2RELATIONSHIP -Others
Updated IND EC2 PhNo -(925) 947-9193
]]></system-out>
    <system-err><![CDATA[Starting ChromeDriver 120.0.6099.71 (9729082fe6174c0a371fc66501f5efc5d69d3d2b-refs/branch-heads/6099_56@{#13}) on port 16123
Only local connections are allowed.
Please see https://chromedriver.chromium.org/security-considerations for suggestions on keeping ChromeDriver safe.
ChromeDriver was started successfully.
Dec 15, 2023 1:23:20 PM org.openqa.selenium.devtools.CdpVersionFinder findNearestMatch
WARNING: Unable to find CDP implementation matching 120
Dec 15, 2023 1:23:20 PM org.openqa.selenium.chromium.ChromiumDriver lambda$new$3
WARNING: Unable to find version of CDP to use for . You may need to include a dependency on a specific version of the CDP using something similar to `org.seleniumhq.selenium:selenium-devtools-v86:4.8.3` where the version ("v86") matches the version of the chromium-based browser you're using and the version number of the artifact is the same as Selenium's.
]]></system-err>
  </testcase>
</testsuite>