<?xml version="1.0" encoding="UTF-8" standalone="no"?>
<testsuite errors="0" failures="1" name="io.cucumber.core.plugin.JUnitFormatter" skipped="0" tests="1" time="6.286">
    <testcase classname="Verify Xealei Login Page" name="Comprehensive Login Page UI Testing" time="5.306">
        <failure message="The path to the driver executable Unable to locate the chromedriver executable; for more information on how to install drivers, see https://www.selenium.dev/documentation/webdriver/getting_started/install_drivers/" type="java.lang.IllegalStateException"><![CDATA[Given User is on Xealei login page..........................................skipped
When User should verify the tab url address for login page..................skipped
Then User should verify the 'LOGIN' text is displayed.......................skipped
Then User should verify the field label name and placeholder text for Email and Password fields.skipped
When User should enter password in password field...........................skipped
Then User should verify that entered password is **hide.....................skipped
And User should click the eye icon in the Password field....................skipped
Then User should verify that entered password is Unhide.....................skipped
And User should verify Forget password link is working......................skipped
Then User should verify the copy rights "Powered by Alphind © 2023" text is displayed.skipped
When User should click the privacy policy link..............................skipped
Then User should verify "PRIVACY POLICY" popup should be displayed after click the Privacy Policy link.skipped

StackTrace:
java.lang.IllegalStateException: The path to the driver executable Unable to locate the chromedriver executable; for more information on how to install drivers, see https://www.selenium.dev/documentation/webdriver/getting_started/install_drivers/
	at org.openqa.selenium.internal.Require$StateChecker.nonNull(Require.java:314)
	at org.openqa.selenium.remote.service.DriverFinder.getPath(DriverFinder.java:33)
	at org.openqa.selenium.chrome.ChromeDriver.generateExecutor(ChromeDriver.java:98)
	at org.openqa.selenium.chrome.ChromeDriver.<init>(ChromeDriver.java:88)
	at org.openqa.selenium.chrome.ChromeDriver.<init>(ChromeDriver.java:84)
	at org.openqa.selenium.chrome.ChromeDriver.<init>(ChromeDriver.java:73)
	at org.alphind.xealei.baseclass.BaseClass.browserType(BaseClass.java:93)
	at org.alphind.xealei.stepdefinition.Hooks.setUp(Hooks.java:30)
]]></failure>
    </testcase>
</testsuite>
